Using pre-set license
Built from '2020.3/staging' branch; Version is '2020.3.13f1 (71691879b7f5) revision 7432472'; Using compiler version '192528614'; Build Type 'Release'
OS: 'Windows 10 Home; OS build 22621.1413; Version 2009; 64bit' Language: 'es' Physical Memory: 8032 MB
BatchMode: 1, IsHumanControllingUs: 0, StartBugReporterOnCrash: 0, Is64bit: 1, IsPro: 0

 COMMAND LINE ARGUMENTS:
C:\Program Files\Unity\Editor\Unity.exe
-adb2
-batchMode
-noUpm
-name
AssetImportWorker0
-projectPath
C:/Users/rober/OneDrive/Escritorio/Git_Unity/Eco-crisis_project
-logFile
Logs/AssetImportWorker0.log
-srvPort
64869
Successfully changed project path to: C:/Users/rober/OneDrive/Escritorio/Git_Unity/Eco-crisis_project
C:/Users/rober/OneDrive/Escritorio/Git_Unity/Eco-crisis_project
Using Asset Import Pipeline V2.
Refreshing native plugins compatible for Editor in 80.99 ms, found 2 plugins.
Preloading 0 native plugins for Editor in 0.00 ms.
Initialize engine version: 2020.3.13f1 (71691879b7f5)
[Subsystems] Discovering subsystems at path C:/Program Files/Unity/Editor/Data/Resources/UnitySubsystems
[Subsystems] Discovering subsystems at path C:/Users/rober/OneDrive/Escritorio/Git_Unity/Eco-crisis_project/Assets
GfxDevice: creating device client; threaded=0
Direct3D:
    Version:  Direct3D 11.0 [level 11.1]
    Renderer: NVIDIA GeForce GTX 1650 (ID=0x1f91)
    Vendor:   
    VRAM:     3962 MB
    Driver:   30.0.15.1278
Initialize mono
Mono path[0] = 'C:/Program Files/Unity/Editor/Data/Managed'
Mono path[1] = 'C:/Program Files/Unity/Editor/Data/MonoBleedingEdge/lib/mono/unityjit'
Mono config path = 'C:/Program Files/Unity/Editor/Data/MonoBleedingEdge/etc'
Using monoOptions --debugger-agent=transport=dt_socket,embedding=1,server=y,suspend=n,address=127.0.0.1:56916
Begin MonoManager ReloadAssembly
Registering precompiled unity dll's ...
Register platform support module: C:/Program Files/Unity/Editor/Data/PlaybackEngines/WindowsStandaloneSupport/UnityEditor.WindowsStandalone.Extensions.dll
Registered in 0.003666 seconds.
Native extension for WindowsStandalone target not found
Refreshing native plugins compatible for Editor in 30.71 ms, found 2 plugins.
Preloading 0 native plugins for Editor in 0.00 ms.
Mono: successfully reloaded assembly
- Completed reload, in  2.212 seconds
Platform modules already initialized, skipping
Registering precompiled user dll's ...
Registered in 0.010313 seconds.
Begin MonoManager ReloadAssembly
Native extension for WindowsStandalone target not found
Refreshing native plugins compatible for Editor in 0.28 ms, found 2 plugins.
Preloading 0 native plugins for Editor in 0.00 ms.
Mono: successfully reloaded assembly
- Completed reload, in  1.086 seconds
Platform modules already initialized, skipping
========================================================================
Worker process is ready to serve import requests
Launched and connected shader compiler UnityShaderCompiler.exe after 0.06 seconds
Refreshing native plugins compatible for Editor in 0.29 ms, found 2 plugins.
Preloading 0 native plugins for Editor in 0.00 ms.
Unloading 1410 Unused Serialized files (Serialized files now loaded: 0)
System memory in use before: 67.4 MB.
System memory in use after: 67.5 MB.

Unloading 19 unused Assets to reduce memory usage. Loaded Objects now: 1846.
Total: 4.917800 ms (FindLiveObjects: 0.144000 ms CreateObjectMapping: 0.040900 ms MarkObjects: 4.410800 ms  DeleteObjects: 0.321000 ms)

AssetImportParameters requested are different than current active one (requested -> active):
  custom:framework-win-MediaFoundation: 216162199b28c13a410421893ffa2e32 -> 
  custom:video-decoder-ogg-theora: a1e56fd34408186e4bbccfd4996cb3dc -> 
  custom:container-muxer-webm: aa71ff27fc2769a1b78a27578f13a17b -> 
  custom:container-demuxer-webm: 4f35f7cbe854078d1ac9338744f61a02 -> 
  custom:container-demuxer-ogg: 62fdf1f143b41e24485cea50d1cbac27 -> 
  custom:video-encoder-webm-vp8: eb34c28f22e8b96e1ab97ce403110664 -> 
  custom:video-codec-MediaFoundation-h265: 746d11721c4dcdbdad8f713fa42b33f4 -> 
  custom:video-decoder-webm-vp8: 9c59270c3fd7afecdb556c50c9e8de78 -> 
  custom:audio-decoder-ogg-vorbis: bf7c407c2cedff20999df2af8eb42d56 -> 
  custom:audio-encoder-webm-vorbis: bf7c407c2cedff20999df2af8eb42d56 -> 
========================================================================
Received Import Request.
  path: Assets/HUD resources/shield_bar.png
  artifactKey: Guid(dd7e430497f930140980f2c84c02f348) Importer(815301076,1909f56bfc062723c751e8b465ee728b)
Start importing Assets/HUD resources/shield_bar.png using Guid(dd7e430497f930140980f2c84c02f348) Importer(815301076,1909f56bfc062723c751e8b465ee728b)  -> (artifact id: '4c1a782cdb730bfa48afe16acfae1550') in 0.077891 seconds 
  Import took 0.082431 seconds .

========================================================================
Received Import Request.
  Time since last request: 23.277057 seconds.
  path: Assets/HUD resources/shield_bar.png
  artifactKey: Guid(dd7e430497f930140980f2c84c02f348) Importer(815301076,1909f56bfc062723c751e8b465ee728b)
Start importing Assets/HUD resources/shield_bar.png using Guid(dd7e430497f930140980f2c84c02f348) Importer(815301076,1909f56bfc062723c751e8b465ee728b)  -> (artifact id: 'd246e37ee8fdff9d87b4fc43b6e56cf3') in 0.052815 seconds 
  Import took 0.055776 seconds .

========================================================================
Received Import Request.
  Time since last request: 601.437711 seconds.
  path: Assets/Animations/ShieldBar.controller
  artifactKey: Guid(ca8ba9f550702604e92a61b404516ff8) Importer(815301076,1909f56bfc062723c751e8b465ee728b)
Start importing Assets/Animations/ShieldBar.controller using Guid(ca8ba9f550702604e92a61b404516ff8) Importer(815301076,1909f56bfc062723c751e8b465ee728b)  -> (artifact id: '7a2f44a0d6b806c8f6e5c48ab60e9547') in 0.010949 seconds 
  Import took 0.014718 seconds .

========================================================================
Received Import Request.
  Time since last request: 1844.679905 seconds.
  path: Assets/Scripts/Player.cs
  artifactKey: Guid(62aec6282aef5db4a8b77423285d0e83) Importer(815301076,1909f56bfc062723c751e8b465ee728b)
Start importing Assets/Scripts/Player.cs using Guid(62aec6282aef5db4a8b77423285d0e83) Importer(815301076,1909f56bfc062723c751e8b465ee728b)  -> (artifact id: 'fb9232c15b36f64c1abbc642f53d4997') in 0.023132 seconds 
  Import took 0.027594 seconds .

========================================================================
Received Import Request.
  Time since last request: 0.000605 seconds.
  path: Assets/Scripts/Player.cs
  artifactKey: Guid(62aec6282aef5db4a8b77423285d0e83) Importer(815301076,1909f56bfc062723c751e8b465ee728b)
Start importing Assets/Scripts/Player.cs using Guid(62aec6282aef5db4a8b77423285d0e83) Importer(815301076,1909f56bfc062723c751e8b465ee728b)  -> (artifact id: 'fb9232c15b36f64c1abbc642f53d4997') in 0.002230 seconds 
  Import took 0.006295 seconds .

========================================================================
Received Import Request.
  Time since last request: 2135.452192 seconds.
  path: Assets/Prefabs/Particles/raycast_hit.prefab
  artifactKey: Guid(0c508392481e46b4ab2b84a649090514) Importer(815301076,1909f56bfc062723c751e8b465ee728b)
Start importing Assets/Prefabs/Particles/raycast_hit.prefab using Guid(0c508392481e46b4ab2b84a649090514) Importer(815301076,1909f56bfc062723c751e8b465ee728b)  -> (artifact id: '3cf5f3a11605cc49f9ac1e2115349f11') in 0.239257 seconds 
  Import took 0.278017 seconds .

========================================================================
Received Prepare
Registering precompiled user dll's ...
Registered in 0.013515 seconds.
Begin MonoManager ReloadAssembly
Native extension for WindowsStandalone target not found
Refreshing native plugins compatible for Editor in 1.33 ms, found 2 plugins.
Preloading 0 native plugins for Editor in 0.00 ms.
Mono: successfully reloaded assembly
- Completed reload, in  1.677 seconds
Platform modules already initialized, skipping
Refreshing native plugins compatible for Editor in 0.90 ms, found 2 plugins.
Preloading 0 native plugins for Editor in 0.00 ms.
Unloading 1392 Unused Serialized files (Serialized files now loaded: 0)
System memory in use before: 69.2 MB.
System memory in use after: 69.3 MB.

Unloading 14 unused Assets to reduce memory usage. Loaded Objects now: 1855.
Total: 9.302200 ms (FindLiveObjects: 0.810500 ms CreateObjectMapping: 0.313600 ms MarkObjects: 7.691100 ms  DeleteObjects: 0.480900 ms)

AssetImportParameters requested are different than current active one (requested -> active):
  custom:framework-win-MediaFoundation: 216162199b28c13a410421893ffa2e32 -> 
  custom:video-decoder-ogg-theora: a1e56fd34408186e4bbccfd4996cb3dc -> 
  custom:container-muxer-webm: aa71ff27fc2769a1b78a27578f13a17b -> 
  custom:container-demuxer-webm: 4f35f7cbe854078d1ac9338744f61a02 -> 
  custom:container-demuxer-ogg: 62fdf1f143b41e24485cea50d1cbac27 -> 
  custom:video-encoder-webm-vp8: eb34c28f22e8b96e1ab97ce403110664 -> 
  custom:video-codec-MediaFoundation-h265: 746d11721c4dcdbdad8f713fa42b33f4 -> 
  custom:video-decoder-webm-vp8: 9c59270c3fd7afecdb556c50c9e8de78 -> 
  custom:audio-decoder-ogg-vorbis: bf7c407c2cedff20999df2af8eb42d56 -> 
  custom:audio-encoder-webm-vorbis: bf7c407c2cedff20999df2af8eb42d56 -> 
AssetImportWorkerClient::OnTransportError - code=2 error=End of file
